<?xml version="1.0" encoding="UTF-8"?>
<!-- Generated by org.testng.reporters.JUnitXMLReporter -->
<testsuite ignored="2" hostname="Trayambkay" failures="0" tests="1" name="Default test" time="14.481" errors="0" timestamp="2023-11-28T17:42:37 IST">
  <testcase classname="com.bixi.BaseTestScripts.InternetBankingTest" name="iBankingChangePassword" time="10.767"/>
  <testcase classname="com.bixi.BaseTestScripts.InternetBankingTest" name="regiterForIBankingAndRefresh_ManTC13" time="0.0">
    <ignored/>
  </testcase> <!-- regiterForIBankingAndRefresh_ManTC13 -->
  <testcase classname="com.bixi.BaseTestScripts.InternetBankingTest" name="registerForIBAnotherTab" time="0.0">
    <ignored/>
  </testcase> <!-- registerForIBAnotherTab -->
</testsuite> <!-- Default test -->
