<?xml version="1.0" encoding="UTF-8"?>
<!-- Generated by org.testng.reporters.JUnitXMLReporter -->
<testsuite ignored="0" hostname="Trayambkay" failures="0" tests="4" name="Test1" time="50.945" errors="0" timestamp="2023-11-22T09:56:38 IST">
  <testcase classname="testNgExecution.Class1" name="method1" time="0.006"/>
  <testcase classname="testNgExecution.Class1" name="method2" time="0.0"/>
  <testcase classname="testNgExecution.Class2" name="method3" time="0.0"/>
  <testcase classname="testNgExecution.Class2" name="method4" time="0.007"/>
</testsuite> <!-- Test1 -->
