<?xml version="1.0" encoding="UTF-8"?>
<!-- Generated by org.testng.reporters.JUnitXMLReporter -->
<testsuite ignored="0" hostname="Trayambkay" failures="0" tests="4" name="Test2" time="51.548" errors="0" timestamp="2023-11-22T09:56:38 IST">
  <testcase classname="testNgExecution.Class3" name="method5" time="0.01"/>
  <testcase classname="testNgExecution.Class3" name="method6" time="0.0"/>
  <testcase classname="testNgExecution.Class4" name="method7" time="0.005"/>
  <testcase classname="testNgExecution.Class4" name="method8" time="0.0"/>
</testsuite> <!-- Test2 -->
