<?xml version="1.0" encoding="UTF-8"?>
<!-- Generated by org.testng.reporters.JUnitXMLReporter -->
<testsuite ignored="0" hostname="Trayambkay" failures="0" tests="8" name="Test2" time="108.684" errors="0" timestamp="2023-11-22T11:56:16 IST">
  <testcase classname="LearnTestNGExecution.Class1" name="method1" time="0.001"/>
  <testcase classname="LearnTestNGExecution.Class1" name="method2" time="0.0"/>
  <testcase classname="LearnTestNGExecution.Class2" name="method3" time="0.005"/>
  <testcase classname="LearnTestNGExecution.Class2" name="method4" time="0.002"/>
  <testcase classname="LearnTestNGExecution.Class3" name="method5" time="0.002"/>
  <testcase classname="LearnTestNGExecution.Class3" name="method6" time="0.001"/>
  <testcase classname="LearnTestNGExecution.Class4" name="method7" time="0.001"/>
  <testcase classname="LearnTestNGExecution.Class4" name="method8" time="0.006"/>
</testsuite> <!-- Test2 -->
