<?xml version="1.0" encoding="UTF-8"?>
<!-- Generated by org.testng.reporters.JUnitXMLReporter -->
<testsuite ignored="2" hostname="Trayambkay" failures="0" tests="1" name="Test" time="0.096" errors="0" timestamp="2023-11-24T18:25:57 IST">
  <testcase classname="com.bixi.genericutility.BaseClass" name="@BeforeClass config_BC" time="-1.70083055693E9">
    <failure type="org.testng.TestNGException" message="
Parameter &amp;apos;gateway&amp;apos; is required by BeforeClass on method config_BC but has not been marked @Optional or defined
in D:\eclipseUpdatedWorkspace\SDET-52\exp.xml">
      <![CDATA[org.testng.TestNGException: 
Parameter 'gateway' is required by BeforeClass on method config_BC but has not been marked @Optional or defined
in D:\eclipseUpdatedWorkspace\SDET-52\exp.xml
at java.base/java.util.ArrayList.forEach(ArrayList.java:1511)
... Removed 22 stack frames]]>
    </failure>
  </testcase> <!-- @BeforeClass config_BC -->
  <testcase classname="com.bixi.genericutility.BaseClass" name="@BeforeMethod config_BM" time="0.001">
    <failure type="java.lang.NullPointerException" message="Cannot invoke &amp;quot;org.openqa.selenium.WebDriver.manage()&amp;quot; because &amp;quot;driver&amp;quot; is null">
      <![CDATA[java.lang.NullPointerException: Cannot invoke "org.openqa.selenium.WebDriver.manage()" because "driver" is null
at com.bixi.genericutility.WebDriverUtility.implicitWait(WebDriverUtility.java:52)
at com.bixi.genericutility.BaseClass.config_BM(BaseClass.java:51)
at java.base/java.util.ArrayList.forEach(ArrayList.java:1511)
... Removed 31 stack frames]]>
    </failure>
  </testcase> <!-- @BeforeMethod config_BM -->
  <testcase classname="com.bixi.genericutility.BaseClass" name="@AfterClass config_AM" time="0.0">
    <failure type="java.lang.NullPointerException" message="Cannot invoke &amp;quot;org.openqa.selenium.WebDriver.manage()&amp;quot; because &amp;quot;driver&amp;quot; is null">
      <![CDATA[java.lang.NullPointerException: Cannot invoke "org.openqa.selenium.WebDriver.manage()" because "driver" is null
at com.bixi.genericutility.WebDriverUtility.minimizeWindow(WebDriverUtility.java:43)
at com.bixi.genericutility.BaseClass.config_AM(BaseClass.java:58)
at java.base/java.util.ArrayList.forEach(ArrayList.java:1511)
... Removed 25 stack frames]]>
    </failure>
  </testcase> <!-- @AfterClass config_AM -->
  <testcase classname="com.bixi.BaseTestScripts.InternetBankingTest" name="iBankingChangePassword" time="0.0">
    <skipped/>
  </testcase> <!-- iBankingChangePassword -->
  <testcase classname="com.bixi.BaseTestScripts.InternetBankingTest" name="regiterForIBankingAndRefresh_ManTC13" time="0.0">
    <ignored/>
  </testcase> <!-- regiterForIBankingAndRefresh_ManTC13 -->
  <testcase classname="com.bixi.BaseTestScripts.InternetBankingTest" name="registerForIBAnotherTab" time="0.0">
    <ignored/>
  </testcase> <!-- registerForIBAnotherTab -->
</testsuite> <!-- Test -->
