<?xml version="1.0" encoding="UTF-8"?>
<testng-results ignored="0" total="1" passed="1" failed="0" skipped="0">
  <reporter-output>
  </reporter-output>
  <suite started-at="2023-11-30T12:49:12 IST" name="Default suite" finished-at="2023-11-30T12:49:18 IST" duration-ms="6484">
    <groups>
    </groups>
    <test started-at="2023-11-30T12:49:12 IST" name="Default test" finished-at="2023-11-30T12:49:18 IST" duration-ms="6484">
      <class name="LearnJenkins.LaunchBrowserTest">
        <test-method signature="test()[pri:0, instance:LearnJenkins.LaunchBrowserTest@6253c26]" started-at="2023-11-30T12:49:12 IST" name="test" finished-at="2023-11-30T12:49:18 IST" duration-ms="6438" status="PASS">
          <reporter-output>
          </reporter-output>
        </test-method> <!-- test -->
      </class> <!-- LearnJenkins.LaunchBrowserTest -->
    </test> <!-- Default test -->
  </suite> <!-- Default suite -->
</testng-results>
